*** VICE Version 2.4 ***
OS compiled for: WIN32
GUI compiled for: NATIVE
CPU compiled for: 80386
Compiler used: GCC-4.6.2
Current OS: Unknown Windows version (2 6 2 10 1 768)
Current CPU: Unknown AMD CPU
 
Welcome to x64, the free portable C64 Emulator.
 
Current VICE team members:
D. Lem, A. Matthies, M. Pottendorfer, S. Trikaliotis, M. van den Heuvel,
C. Vogelgsang, F. Gennari, D. Kahlin, A. Lankila, Groepaz, I. Korb,
E. Smith, O. Seibert, M. Sutton, U. Schulz, S. Haubenthal, T. Giesel,
K. Zsolt.
 
This is free software with ABSOLUTELY NO WARRANTY.
See the "About VICE" command for more info.
 
Loading system file `D:\Documents\C64Tools\WinVICE\C64\kernal'.
C64MEM: Kernal rev #3.
Loading system file `D:\Documents\C64Tools\WinVICE\C64\basic'.
Loading system file `D:\Documents\C64Tools\WinVICE\C64\chargen'.
Loading system file `D:\Documents\C64Tools\WinVICE\PRINTER\mps803'.
Palette: Loading palette `D:\Documents\C64Tools\WinVICE\PRINTER\mps803.vpl'.
Loading system file `D:\Documents\C64Tools\WinVICE\PRINTER\nl10-cbm'.
Palette: Loading palette `D:\Documents\C64Tools\WinVICE\PRINTER\mps803.vpl'.
NL10: Printer driver initialized.
Loading system file `D:\Documents\C64Tools\WinVICE\DRIVES\dos1541'.
Loading system file `D:\Documents\C64Tools\WinVICE\DRIVES\d1541II'.
Loading system file `D:\Documents\C64Tools\WinVICE\DRIVES\dos1570'.
Loading system file `D:\Documents\C64Tools\WinVICE\DRIVES\dos1571'.
Loading system file `D:\Documents\C64Tools\WinVICE\DRIVES\dos1581'.
Loading system file `D:\Documents\C64Tools\WinVICE\DRIVES\dos2000'.
Loading system file `D:\Documents\C64Tools\WinVICE\DRIVES\dos4000'.
Loading system file `D:\Documents\C64Tools\WinVICE\DRIVES\dos2031'.
Loading system file `D:\Documents\C64Tools\WinVICE\DRIVES\dos2040'.
Loading system file `D:\Documents\C64Tools\WinVICE\DRIVES\dos3040'.
Loading system file `D:\Documents\C64Tools\WinVICE\DRIVES\dos4040'.
Loading system file `D:\Documents\C64Tools\WinVICE\DRIVES\dos1001'.
Drive: Finished loading ROM images.
video_dx9: Failed to prepare for rendering!
Sound: Available sound devices: dx wmm dummy fs dump wav voc iff aiff mp3 soundmovie
TFEARCH: LoadLibrary WPCAP.DLL failed!
Keyboard: Error - Cannot load keymap `D:\Documents\C64Tools\WinVICE\C64\win_sym _gb.vkm'.
AUTOSTART: Autodetecting image type of `d:\Documents\Programming\Vic20\TRAXX\bin\TRAXX_Kick.prg'.
Filesystem Image: Unknown disk image `d:\Documents\Programming\Vic20\TRAXX\bin\TRAXX_Kick.prg'.
Tape: Error - Cannot open file `d:\Documents\Programming\Vic20\TRAXX\bin\TRAXX_Kick.prg'
AUTOSTART: Loading PRG file `d:\Documents\Programming\Vic20\TRAXX\bin\TRAXX_Kick.prg' with direct RAM injection.
AUTOSTART: Resetting the machine to autostart '*'
AUTOSTART: `d:\Documents\Programming\Vic20\TRAXX\bin\TRAXX_Kick.prg' recognized as program/p00 file.
Main CPU: starting at ($FFFC).
Main CPU: RESET.
Sound: Opened device `dx', speed 44100Hz, fragment size 23ms, buffer size 116ms
reSID: MOS6581, filter on, sampling rate 44100Hz - fast
AUTOSTART: Injecting program data at $1200 (size $2e00)
AUTOSTART: Ready
AUTOSTART: Running program
AUTOSTART: Done.
Writing configuration file `D:\Documents\C64Tools\WinVICE\vice.ini'.

Exiting...
Sound: Closing device `dx'
