*** VICE Version 2.4 ***
OS compiled for: WIN32
GUI compiled for: NATIVE
CPU compiled for: 80386
Compiler used: GCC-4.6.2
Current OS: Unknown Windows version (2 6 2 10 1 768)
Current CPU: Unknown AMD CPU
 
Welcome to xvic, the free portable VIC20 Emulator.
 
Current VICE team members:
D. Lem, A. Matthies, M. Pottendorfer, S. Trikaliotis, M. van den Heuvel,
C. Vogelgsang, F. Gennari, D. Kahlin, A. Lankila, Groepaz, I. Korb,
E. Smith, O. Seibert, M. Sutton, U. Schulz, S. Haubenthal, T. Giesel, 
K. Zsolt.
 
This is free software with ABSOLUTELY NO WARRANTY.
See the "About VICE" command for more info.
 
Loading system file `D:\Documents\C64Tools\WinVICE\VIC20\kernal'.
Loading system file `D:\Documents\C64Tools\WinVICE\VIC20\basic'.
Loading system file `D:\Documents\C64Tools\WinVICE\VIC20\chargen'.
VIC20 kernal patched to 901486-07.
Loading system file `D:\Documents\C64Tools\WinVICE\PRINTER\mps803'.
Palette: Loading palette `D:\Documents\C64Tools\WinVICE\PRINTER\mps803.vpl'.
Loading system file `D:\Documents\C64Tools\WinVICE\PRINTER\nl10-cbm'.
Palette: Loading palette `D:\Documents\C64Tools\WinVICE\PRINTER\mps803.vpl'.
NL10: Printer driver initialized.
Loading system file `D:\Documents\C64Tools\WinVICE\DRIVES\dos1541'.
Loading system file `D:\Documents\C64Tools\WinVICE\DRIVES\d1541II'.
Loading system file `D:\Documents\C64Tools\WinVICE\DRIVES\dos1570'.
Loading system file `D:\Documents\C64Tools\WinVICE\DRIVES\dos1571'.
Loading system file `D:\Documents\C64Tools\WinVICE\DRIVES\dos1581'.
Loading system file `D:\Documents\C64Tools\WinVICE\DRIVES\dos2000'.
Loading system file `D:\Documents\C64Tools\WinVICE\DRIVES\dos4000'.
Loading system file `D:\Documents\C64Tools\WinVICE\DRIVES\dos2031'.
Loading system file `D:\Documents\C64Tools\WinVICE\DRIVES\dos2040'.
Loading system file `D:\Documents\C64Tools\WinVICE\DRIVES\dos3040'.
Loading system file `D:\Documents\C64Tools\WinVICE\DRIVES\dos4040'.
Loading system file `D:\Documents\C64Tools\WinVICE\DRIVES\dos1001'.
Drive: Finished loading ROM images.
video_dx9: Failed to prepare for rendering!
Sound: Available sound devices: dx wmm dummy fs dump wav voc iff aiff mp3 soundmovie
TFEARCH: LoadLibrary WPCAP.DLL failed!
Keyboard: Loading keymap `D:\Documents\C64Tools\WinVICE\VIC20\win_sym_gb.vic20.vkm'.
Keyboard: Error - Bad row/column value (-1/1) for keysym `KP_1'.
Keyboard: Error - Bad row/column value (-1/2) for keysym `KP_2'.
Keyboard: Error - Bad row/column value (-1/3) for keysym `KP_3'.
Keyboard: Error - Bad row/column value (-1/4) for keysym `KP_4'.
Keyboard: Error - Bad row/column value (-1/5) for keysym `KP_6'.
Keyboard: Error - Bad row/column value (-1/6) for keysym `KP_7'.
Keyboard: Error - Bad row/column value (-1/7) for keysym `KP_8'.
Keyboard: Error - Bad row/column value (-1/8) for keysym `KP_9'.
Keyboard: Error - Bad row/column value (-1/0) for keysym `43'.
AUTOSTART: Autodetecting image type of `d:\Documents\Programming\Vic20\TRAXX\bin\TRAXX_Kick.prg'.
Filesystem Image: Unknown disk image `d:\Documents\Programming\Vic20\TRAXX\bin\TRAXX_Kick.prg'.
Tape: Error - Cannot open file `d:\Documents\Programming\Vic20\TRAXX\bin\TRAXX_Kick.prg'
AUTOSTART: Loading PRG file `d:\Documents\Programming\Vic20\TRAXX\bin\TRAXX_Kick.prg' with direct RAM injection.
AUTOSTART: Resetting the machine to autostart '*'
AUTOSTART: Turning Warp mode on
AUTOSTART: `d:\Documents\Programming\Vic20\TRAXX\bin\TRAXX_Kick.prg' recognized as program/p00 file.
Main CPU: starting at ($FFFC).
Main CPU: RESET.
video_dx9: Failed to prepare for rendering!
Sound: Opened device `dx', speed 44100Hz, fragment size 23ms, buffer size 116ms
AUTOSTART: Injecting program data at $1200 (size $2e00)
AUTOSTART: Ready
AUTOSTART: Turning Warp mode off
AUTOSTART: Running program
AUTOSTART: Done.
Writing configuration file `D:\Documents\C64Tools\WinVICE\vice.ini'.

Exiting...
Sound: Closing device `dx'
